Build started 2016-04-26 15:34:43.
     1>Project "D:\Program Files (x86)\VisualRoute\data\Projekt1_PO\Virtual_World\Virtual_World\Virtual_World.vcxproj" on node 2 (Build target(s)).
     1>ClCompile:
         D:\Pliki programów (x86)\Microsoft Visual Studio 14.0\VC\bin\CL.exe /c /I"D:\Program Files (x86)\VisualRoute\data\Projekt1_PO\Virtual_World\Virtual_World\include" /ZI /nologo /W3 /WX- /sdl /Od /Oy- /D WIN32 /D _DEBUG /D _CONSOLE /D _UNICODE /D UNICODE /Gm /EHsc /RTC1 /MDd /GS /fp:precise /Zc:wchar_t /Zc:forScope /Zc:inline /Fo"Debug\\" /Fd"Debug\vc140.pdb" /Gd /TP /analyze- /errorReport:prompt Antelope.cpp Berries.cpp Container.cpp Dandelion.cpp Fox.cpp Grass.cpp Guarana.cpp Human.cpp Organism.cpp Sheep.cpp Turtle.cpp Virtual_World.cpp Wolf.cpp World.cpp myException.cpp
         Human.cpp
     1>d:\program files (x86)\visualroute\data\projekt1_po\virtual_world\virtual_world\human.cpp(28): warning C4101: 'randomNumber': unreferenced local variable
         Generating Code...
         Skipping... (no relevant changes detected)
         Guarana.cpp
         Grass.cpp
         Dandelion.cpp
         myException.cpp
         World.cpp
         Wolf.cpp
         Virtual_World.cpp
         Turtle.cpp
         Sheep.cpp
         Organism.cpp
         Fox.cpp
         Container.cpp
         Berries.cpp
         Antelope.cpp
       Link:
         D:\Pliki programów (x86)\Microsoft Visual Studio 14.0\VC\bin\link.exe /ERRORREPORT:PROMPT /OUT:"D:\Program Files (x86)\VisualRoute\data\Projekt1_PO\Virtual_World\Debug\Virtual_World.exe" /INCREMENTAL /NOLOGO kernel32.lib user32.lib gdi32.lib winspool.lib comdlg32.lib advapi32.lib shell32.lib ole32.lib oleaut32.lib uuid.lib odbc32.lib odbccp32.lib kernel32.lib user32.lib gdi32.lib winspool.lib comdlg32.lib advapi32.lib shell32.lib ole32.lib oleaut32.lib uuid.lib odbc32.lib odbccp32.lib "D:\Program Files (x86)\VisualRoute\data\Projekt1_PO\Virtual_World\Virtual_World\lib\pdcurses.lib" /MANIFEST /MANIFESTUAC:"level='asInvoker' uiAccess='false'" /manifest:embed /Debug /PDB:"D:\Program Files (x86)\VisualRoute\data\Projekt1_PO\Virtual_World\Debug\Virtual_World.pdb" /SUBSYSTEM:CONSOLE /TLBID:1 /DYNAMICBASE /NXCOMPAT /IMPLIB:"D:\Program Files (x86)\VisualRoute\data\Projekt1_PO\Virtual_World\Debug\Virtual_World.lib" /MACHINE:X86 Debug\Animal.obj
         Debug\Antelope.obj
         Debug\Berries.obj
         Debug\Container.obj
         Debug\Dandelion.obj
         Debug\myException.obj
         Debug\Fox.obj
         Debug\Grass.obj
         Debug\Guarana.obj
         Debug\Human.obj
         Debug\Human_Control.obj
         Debug\Messages.obj
         Debug\Organism.obj
         Debug\Position.obj
         Debug\Random.obj
         Debug\Sheep.obj
         Debug\stdafx.obj
         Debug\Turtle.obj
         Debug\Virtual_World.obj
         Debug\Wolf.obj
         Debug\World.obj
         Virtual_World.vcxproj -> D:\Program Files (x86)\VisualRoute\data\Projekt1_PO\Virtual_World\Debug\Virtual_World.exe
     1>Done Building Project "D:\Program Files (x86)\VisualRoute\data\Projekt1_PO\Virtual_World\Virtual_World\Virtual_World.vcxproj" (Build target(s)).

Build succeeded.

Time Elapsed 00:00:02.68
